18/12/2021 20:44:50	 userId:22	 @::1	LOG_ERROR : Erreur de syntaxe près de 'delete/1  ORDER BY t.t_created_at DESC' à la ligne 1
SELECT * FROM tasting t join user u on t.u_id = u.user_id join beer_style b on t.bs_id = b.beer_style_id WHERE t.tasting_id = delete/1  ORDER BY t.t_created_at DESC
18/12/2021 21:27:47	 userId:22	 @::1	LOG_ERROR : Out of range value for column 'aroma_score' at row 1
INSERT INTO `tasting`(
                    `title`,
                    `bs_id`,
                    `beer_name`,
                    `u_id`,
                    `aroma_comment`,
                    `aroma_score`,
                    `appearance_comment`,
                    `appearance_score`,
                    `flavor_comment`,
                    `flavor_score`,
                    `mouthfeel_comment`,
                    `mouthfeel_score`,
                    `overall_comment`,
                    `overall_score`,
                    `total`,
                    `is_acetaldehyde`,
                    `is_alcoholic`,
                    `is_astringent`,
                    `is_diacetyl`,
                    `is_dms`,
                    `is_estery`,
                    `is_grassy`,
                    `is_light_struck`,
                    `is_metallic`,
                    `is_musty`,
                    `is_oxidized`,
                    `is_phenolic`,
                    `is_solvent`,
                    `is_acidic`,
                    `is_sulfur`,
                    `is_vegetal`,
                    `is_bottle_ok`,
                    `is_yeasty`,
                    `stylistic_accuracy`,
                    `intangibles`,
                    `technical_merit`
                )VALUES (
                    'tets',
                    1,
                    'Guiness',
                    22,
                    'good',
                    '12',
                    'good',
                    '3',
                    'good',
                    '10',
                    'good',
                    '5',
                    'good',
                    '10',
                    '40',
                    '0',
                    '0',
                    '0',
                    '0',
                    '1',
                    '1',
                    '1',
                    '0',
                    '0',
                    '1',
                    '0',
                    '0',
                    '0',
                    '1',
                    '0',
                    '1',
                    '1',
                    '0',
                    '3',
                    '3',
                    '3'
                )
18/12/2021 21:32:30	 userId:22	 @::1	LOG_ERROR : Out of range value for column 'aroma_score' at row 1
INSERT INTO `tasting`(
                    `title`,
                    `bs_id`,
                    `beer_name`,
                    `u_id`,
                    `aroma_comment`,
                    `aroma_score`,
                    `appearance_comment`,
                    `appearance_score`,
                    `flavor_comment`,
                    `flavor_score`,
                    `mouthfeel_comment`,
                    `mouthfeel_score`,
                    `overall_comment`,
                    `overall_score`,
                    `total`,
                    `is_acetaldehyde`,
                    `is_alcoholic`,
                    `is_astringent`,
                    `is_diacetyl`,
                    `is_dms`,
                    `is_estery`,
                    `is_grassy`,
                    `is_light_struck`,
                    `is_metallic`,
                    `is_musty`,
                    `is_oxidized`,
                    `is_phenolic`,
                    `is_solvent`,
                    `is_acidic`,
                    `is_sulfur`,
                    `is_vegetal`,
                    `is_bottle_ok`,
                    `is_yeasty`,
                    `stylistic_accuracy`,
                    `intangibles`,
                    `technical_merit`
                )VALUES (
                    'tets',
                    1,
                    'Guiness',
                    22,
                    'good',
                    '12',
                    'good',
                    '3',
                    'good',
                    '10',
                    'good',
                    '5',
                    'good',
                    '10',
                    '40',
                    '0',
                    '0',
                    '0',
                    '0',
                    '1',
                    '1',
                    '1',
                    '0',
                    '0',
                    '1',
                    '0',
                    '0',
                    '0',
                    '1',
                    '0',
                    '1',
                    '1',
                    '0',
                    '3',
                    '3',
                    '3'
                )
18/12/2021 21:34:46	 userId:22	 @::1	LOG_ERROR : Out of range value for column 'flavor_score' at row 1
INSERT INTO `tasting`(
                    `title`,
                    `bs_id`,
                    `beer_name`,
                    `u_id`,
                    `aroma_comment`,
                    `aroma_score`,
                    `appearance_comment`,
                    `appearance_score`,
                    `flavor_comment`,
                    `flavor_score`,
                    `mouthfeel_comment`,
                    `mouthfeel_score`,
                    `overall_comment`,
                    `overall_score`,
                    `total`,
                    `is_acetaldehyde`,
                    `is_alcoholic`,
                    `is_astringent`,
                    `is_diacetyl`,
                    `is_dms`,
                    `is_estery`,
                    `is_grassy`,
                    `is_light_struck`,
                    `is_metallic`,
                    `is_musty`,
                    `is_oxidized`,
                    `is_phenolic`,
                    `is_solvent`,
                    `is_acidic`,
                    `is_sulfur`,
                    `is_vegetal`,
                    `is_bottle_ok`,
                    `is_yeasty`,
                    `stylistic_accuracy`,
                    `intangibles`,
                    `technical_merit`
                )VALUES (
                    'tets',
                    1,
                    'Guiness',
                    22,
                    'good',
                    '12',
                    'good',
                    '3',
                    'good',
                    '10',
                    'good',
                    '5',
                    'good',
                    '10',
                    '40',
                    '0',
                    '0',
                    '0',
                    '0',
                    '1',
                    '1',
                    '1',
                    '0',
                    '0',
                    '1',
                    '0',
                    '0',
                    '0',
                    '1',
                    '0',
                    '1',
                    '1',
                    '0',
                    '3',
                    '3',
                    '3'
                )
